<?xml version="1.0" encoding="UTF-8"?>
<!-- Generated by org.testng.reporters.JUnitReportReporter -->
<testsuite hostname="DESKTOP-J8D17KJ" failures="0" tests="1" name="TestNGExcution.Blinkit" time="6.788" errors="0" timestamp="2024-05-15T11:53:11 IST" skipped="0">
  <testcase classname="TestNGExcution.Blinkit" name="blinkit" time="6.788"/>
  <system-out>
    <![CDATA[Blinkit Page]]>
  </system-out>
</testsuite> <!-- TestNGExcution.Blinkit -->
