<?xml version="1.0" encoding="UTF-8"?>
<!-- Generated by org.testng.reporters.JUnitReportReporter -->
<testsuite hostname="DESKTOP-J8D17KJ" failures="0" tests="1" name="TestNGExcution.Zomato" time="6.699" errors="0" timestamp="2024-05-15T11:53:11 IST" skipped="0">
  <testcase classname="TestNGExcution.Zomato" name="zomato" time="6.699"/>
  <system-out>
    <![CDATA[Zomato Page]]>
  </system-out>
</testsuite> <!-- TestNGExcution.Zomato -->
