<?xml version="1.0" encoding="UTF-8"?>
<!-- Generated by org.testng.reporters.JUnitReportReporter -->
<testsuite hostname="DESKTOP-J8D17KJ" failures="0" tests="1" name="TestNGExcution.Foodpanda" time="3.737" errors="0" timestamp="2024-05-15T12:04:55 IST" skipped="0">
  <testcase classname="TestNGExcution.Foodpanda" name="foodpanda" time="3.737"/>
  <system-out>
    <![CDATA[Foodpanda Page]]>
  </system-out>
</testsuite> <!-- TestNGExcution.Foodpanda -->
