<?xml version="1.0" encoding="UTF-8"?>
<!-- Generated by org.testng.reporters.JUnitReportReporter -->
<testsuite hostname="DESKTOP-J8D17KJ" failures="0" tests="6" name="TestNG.BasicsOfTestNg" time="27.907" errors="0" timestamp="2024-05-14T12:04:25 IST" skipped="1">
  <testcase classname="TestNG.BasicsOfTestNg" name="Flipkart" time="3.805"/>
  <system-out>
    <![CDATA[Flipkart]]>
  </system-out>
  <testcase classname="TestNG.BasicsOfTestNg" name="Myntra" time="7.183"/>
  <system-out>
    <![CDATA[Myntra]]>
  </system-out>
  <testcase classname="TestNG.BasicsOfTestNg" name="Myntra" time="7.022"/>
  <system-out>
    <![CDATA[Myntra]]>
  </system-out>
  <testcase classname="TestNG.BasicsOfTestNg" name="Myntra" time="7.635"/>
  <system-out>
    <![CDATA[Myntra]]>
  </system-out>
  <testcase classname="TestNG.BasicsOfTestNg" name="Amazon" time="2.262"/>
  <system-out>
    <![CDATA[Amazon]]>
  </system-out>
  <testcase classname="TestNG.BasicsOfTestNg" name="W3School">
    <skipped/>
  </testcase> <!-- W3School -->
  <system-out/>
</testsuite> <!-- TestNG.BasicsOfTestNg -->
