<?xml version="1.0" encoding="UTF-8"?>
<!-- Generated by org.testng.reporters.JUnitReportReporter -->
<testsuite hostname="DESKTOP-J8D17KJ" failures="0" tests="1" name="TestNGExcution.Swiggy" time="2.940" errors="0" timestamp="2024-05-15T12:04:55 IST" skipped="0">
  <testcase classname="TestNGExcution.Swiggy" name="swiggy" time="2.940"/>
  <system-out>
    <![CDATA[Swiggy Page]]>
  </system-out>
</testsuite> <!-- TestNGExcution.Swiggy -->
