<?xml version="1.0" encoding="UTF-8"?>
<!-- Generated by org.testng.reporters.JUnitReportReporter -->
<testsuite hostname="DESKTOP-J8D17KJ" failures="0" tests="1" name="TestNGExcution.KFC" time="6.746" errors="0" timestamp="2024-05-15T11:53:11 IST" skipped="0">
  <testcase classname="TestNGExcution.KFC" name="kFC" time="6.746"/>
  <system-out>
    <![CDATA[KFC Page]]>
  </system-out>
</testsuite> <!-- TestNGExcution.KFC -->
